<?xml version="1.0" encoding="UTF-8"?>
<Site BuildName="(empty)"
	BuildStamp="20180123-0756-Experimental"
	Name="(empty)"
	Generator="ctest-3.5.1"
	CompilerName=""
	CompilerVersion=""
	OSName="Linux"
	Hostname="me-Inspiron-3650"
	OSRelease="4.4.0-21-generic"
	OSVersion="#37-Ubuntu SMP Mon Apr 18 18:33:37 UTC 2016"
	OSPlatform="x86_64"
	Is64Bits="1"
	VendorString="GenuineIntel"
	VendorID="Intel Corporation"
	FamilyID="6"
	ModelID="94"
	ProcessorCacheSize="3072"
	NumberOfLogicalCPU="4"
	NumberOfPhysicalCPU="1"
	TotalVirtualMemory="8095"
	TotalPhysicalMemory="7887"
	LogicalProcessorsPerPhysical="4"
	ProcessorClockFrequency="803.449"
	>
	<Testing>
		<StartDateTime>Jan 23 03:56 AST</StartDateTime>
		<StartTestTime>1516694205</StartTestTime>
		<TestList/>
		<EndDateTime>Jan 23 03:56 AST</EndDateTime>
		<EndTestTime>1516694205</EndTestTime>
		<ElapsedMinutes>0</ElapsedMinutes>
	</Testing>
</Site>
